Построение начато 25.06.2017 15:32:57.
     1>Проект "c:\documents\visual studio 2010\Projects\HashTables\HashTables\HashTables.vcxproj" в узле 2 (целевые объекты build).
     1>InitializeBuildStatus:
         Создание "Debug\HashTables.unsuccessfulbuild", так как было задано "AlwaysCreate".
       ClCompile:
         C:\Program Files (x86)\Microsoft Visual Studio 10.0\VC\bin\CL.exe /c /ZI /nologo /W3 /WX- /Od /Oy- /D WIN32 /D _DEBUG /D _CONSOLE /D _UNICODE /D UNICODE /Gm /EHsc /RTC1 /MDd /GS /fp:precise /Zc:wchar_t /Zc:forScope /Fo"Debug\\" /Fd"Debug\vc100.pdb" /Gd /TP /analyze- /errorReport:prompt main.cpp
         main.cpp
     1>c:\documents\visual studio 2010\projects\hashtables\hashtables\hashtables.h(65): warning C4244: инициализация: преобразование "double" в "int", возможна потеря данных
     1>c:\documents\visual studio 2010\projects\hashtables\hashtables\hashtables.h(87): warning C4244: инициализация: преобразование "double" в "int", возможна потеря данных
     1>c:\documents\visual studio 2010\projects\hashtables\hashtables\hashtables.h(118): warning C4244: инициализация: преобразование "double" в "int", возможна потеря данных
     1>c:\documents\visual studio 2010\projects\hashtables\hashtables\hashtables.h(143): warning C4244: инициализация: преобразование "double" в "int", возможна потеря данных
       ManifestResourceCompile:
         Для всех выходных данных обновления не требуется.
       Link:
         C:\Program Files (x86)\Microsoft Visual Studio 10.0\VC\bin\link.exe /ERRORREPORT:PROMPT /OUT:"c:\documents\visual studio 2010\Projects\HashTables\Debug\HashTables.exe" /INCREMENTAL /NOLOGO kernel32.lib user32.lib gdi32.lib winspool.lib comdlg32.lib advapi32.lib shell32.lib ole32.lib oleaut32.lib uuid.lib odbc32.lib odbccp32.lib /MANIFEST /ManifestFile:"Debug\HashTables.exe.intermediate.manifest" /MANIFESTUAC:"level='asInvoker' uiAccess='false'" /DEBUG /PDB:"c:\documents\visual studio 2010\Projects\HashTables\Debug\HashTables.pdb" /SUBSYSTEM:CONSOLE /TLBID:1 /DYNAMICBASE /NXCOMPAT /IMPLIB:"c:\documents\visual studio 2010\Projects\HashTables\Debug\HashTables.lib" /MACHINE:X86 Debug\HashTables.exe.embed.manifest.res
         Debug\main.obj
       Manifest:
         C:\Program Files (x86)\Microsoft SDKs\Windows\v7.0A\bin\mt.exe /nologo /verbose /out:"Debug\HashTables.exe.embed.manifest" /manifest Debug\HashTables.exe.intermediate.manifest
         Для всех выходных данных обновления не требуется.
       LinkEmbedManifest:
         Для всех выходных данных обновления не требуется.
         HashTables.vcxproj -> c:\documents\visual studio 2010\Projects\HashTables\Debug\HashTables.exe
       FinalizeBuildStatus:
         Файл "Debug\HashTables.unsuccessfulbuild" удаляется.
         Обращение к "Debug\HashTables.lastbuildstate".
     1>Построение проекта "c:\documents\visual studio 2010\Projects\HashTables\HashTables\HashTables.vcxproj" завершено (целевые объекты build).

Построение успешно завершено.

Затраченное время: 00:00:01.00
