C:\DOCUMENTS\VISUAL STUDIO 2010\PROJECTS\HASHTABLES\DEBUG\HASHTABLES.EXE
C:\DOCUMENTS\VISUAL STUDIO 2010\PROJECTS\HASHTABLES\DEBUG\HASHTABLES.ILK
C:\DOCUMENTS\VISUAL STUDIO 2010\PROJECTS\HASHTABLES\DEBUG\HASHTABLES.PDB
c:\documents\visual studio 2010\Projects\HashTables\HashTables\Debug\cl.command.1.tlog
c:\documents\visual studio 2010\Projects\HashTables\HashTables\Debug\CL.read.1.tlog
c:\documents\visual studio 2010\Projects\HashTables\HashTables\Debug\CL.write.1.tlog
C:\DOCUMENTS\VISUAL STUDIO 2010\PROJECTS\HASHTABLES\HASHTABLES\DEBUG\HASHTABLES.EXE.EMBED.MANIFEST
C:\DOCUMENTS\VISUAL STUDIO 2010\PROJECTS\HASHTABLES\HASHTABLES\DEBUG\HASHTABLES.EXE.EMBED.MANIFEST.RES
C:\DOCUMENTS\VISUAL STUDIO 2010\PROJECTS\HASHTABLES\HASHTABLES\DEBUG\HASHTABLES.EXE.INTERMEDIATE.MANIFEST
c:\documents\visual studio 2010\Projects\HashTables\HashTables\Debug\HashTables.write.1.tlog
c:\documents\visual studio 2010\Projects\HashTables\HashTables\Debug\HashTables_manifest.rc
c:\documents\visual studio 2010\Projects\HashTables\HashTables\Debug\link.8836.read.1.tlog
c:\documents\visual studio 2010\Projects\HashTables\HashTables\Debug\link.8836.write.1.tlog
c:\documents\visual studio 2010\Projects\HashTables\HashTables\Debug\link.8836-cvtres.read.1.tlog
c:\documents\visual studio 2010\Projects\HashTables\HashTables\Debug\link.8836-cvtres.write.1.tlog
c:\documents\visual studio 2010\Projects\HashTables\HashTables\Debug\link.command.1.tlog
c:\documents\visual studio 2010\Projects\HashTables\HashTables\Debug\link.read.1.tlog
c:\documents\visual studio 2010\Projects\HashTables\HashTables\Debug\link.write.1.tlog
c:\documents\visual studio 2010\Projects\HashTables\HashTables\Debug\link-cvtres.read.1.tlog
c:\documents\visual studio 2010\Projects\HashTables\HashTables\Debug\link-cvtres.write.1.tlog
C:\DOCUMENTS\VISUAL STUDIO 2010\PROJECTS\HASHTABLES\HASHTABLES\DEBUG\MAIN.OBJ
c:\documents\visual studio 2010\Projects\HashTables\HashTables\Debug\mt.command.1.tlog
c:\documents\visual studio 2010\Projects\HashTables\HashTables\Debug\mt.read.1.tlog
c:\documents\visual studio 2010\Projects\HashTables\HashTables\Debug\mt.write.1.tlog
c:\documents\visual studio 2010\Projects\HashTables\HashTables\Debug\rc.command.1.tlog
c:\documents\visual studio 2010\Projects\HashTables\HashTables\Debug\rc.read.1.tlog
c:\documents\visual studio 2010\Projects\HashTables\HashTables\Debug\rc.write.1.tlog
c:\documents\visual studio 2010\Projects\HashTables\HashTables\Debug\vc100.idb
C:\DOCUMENTS\VISUAL STUDIO 2010\PROJECTS\HASHTABLES\HASHTABLES\DEBUG\VC100.PDB
