c:\documents\visual studio 2010\Projects\class Boolean vector\class Boolean vector\Debug\cl.command.1.tlog
c:\documents\visual studio 2010\Projects\class Boolean vector\class Boolean vector\Debug\CL.read.1.tlog
c:\documents\visual studio 2010\Projects\class Boolean vector\class Boolean vector\Debug\CL.write.1.tlog
C:\DOCUMENTS\VISUAL STUDIO 2010\PROJECTS\CLASS BOOLEAN VECTOR\CLASS BOOLEAN VECTOR\DEBUG\CLASS BOOLEAN VECTOR.EXE.EMBED.MANIFEST
C:\DOCUMENTS\VISUAL STUDIO 2010\PROJECTS\CLASS BOOLEAN VECTOR\CLASS BOOLEAN VECTOR\DEBUG\CLASS BOOLEAN VECTOR.EXE.EMBED.MANIFEST.RES
C:\DOCUMENTS\VISUAL STUDIO 2010\PROJECTS\CLASS BOOLEAN VECTOR\CLASS BOOLEAN VECTOR\DEBUG\CLASS BOOLEAN VECTOR.EXE.INTERMEDIATE.MANIFEST
c:\documents\visual studio 2010\Projects\class Boolean vector\class Boolean vector\Debug\class Boolean vector.write.1.tlog
c:\documents\visual studio 2010\Projects\class Boolean vector\class Boolean vector\Debug\class Boolean vector_manifest.rc
c:\documents\visual studio 2010\Projects\class Boolean vector\class Boolean vector\Debug\link.7008.read.1.tlog
c:\documents\visual studio 2010\Projects\class Boolean vector\class Boolean vector\Debug\link.7008.write.1.tlog
c:\documents\visual studio 2010\Projects\class Boolean vector\class Boolean vector\Debug\link.7008-cvtres.read.1.tlog
c:\documents\visual studio 2010\Projects\class Boolean vector\class Boolean vector\Debug\link.7008-cvtres.write.1.tlog
c:\documents\visual studio 2010\Projects\class Boolean vector\class Boolean vector\Debug\link.command.1.tlog
c:\documents\visual studio 2010\Projects\class Boolean vector\class Boolean vector\Debug\link.read.1.tlog
c:\documents\visual studio 2010\Projects\class Boolean vector\class Boolean vector\Debug\link.write.1.tlog
c:\documents\visual studio 2010\Projects\class Boolean vector\class Boolean vector\Debug\link-cvtres.read.1.tlog
c:\documents\visual studio 2010\Projects\class Boolean vector\class Boolean vector\Debug\link-cvtres.write.1.tlog
C:\DOCUMENTS\VISUAL STUDIO 2010\PROJECTS\CLASS BOOLEAN VECTOR\CLASS BOOLEAN VECTOR\DEBUG\MAIN BV.OBJ
c:\documents\visual studio 2010\Projects\class Boolean vector\class Boolean vector\Debug\mt.command.1.tlog
c:\documents\visual studio 2010\Projects\class Boolean vector\class Boolean vector\Debug\mt.read.1.tlog
c:\documents\visual studio 2010\Projects\class Boolean vector\class Boolean vector\Debug\mt.write.1.tlog
c:\documents\visual studio 2010\Projects\class Boolean vector\class Boolean vector\Debug\rc.command.1.tlog
c:\documents\visual studio 2010\Projects\class Boolean vector\class Boolean vector\Debug\rc.read.1.tlog
c:\documents\visual studio 2010\Projects\class Boolean vector\class Boolean vector\Debug\rc.write.1.tlog
c:\documents\visual studio 2010\Projects\class Boolean vector\class Boolean vector\Debug\vc100.idb
C:\DOCUMENTS\VISUAL STUDIO 2010\PROJECTS\CLASS BOOLEAN VECTOR\CLASS BOOLEAN VECTOR\DEBUG\VC100.PDB
C:\DOCUMENTS\VISUAL STUDIO 2010\PROJECTS\CLASS BOOLEAN VECTOR\DEBUG\CLASS BOOLEAN VECTOR.EXE
C:\DOCUMENTS\VISUAL STUDIO 2010\PROJECTS\CLASS BOOLEAN VECTOR\DEBUG\CLASS BOOLEAN VECTOR.ILK
C:\DOCUMENTS\VISUAL STUDIO 2010\PROJECTS\CLASS BOOLEAN VECTOR\DEBUG\CLASS BOOLEAN VECTOR.PDB
