C:\DOCUMENTS\VISUAL STUDIO 2010\PROJECTS\TREES_FORMS\DEBUG\TREES_FORMS.EXE
C:\DOCUMENTS\VISUAL STUDIO 2010\PROJECTS\TREES_FORMS\DEBUG\TREES_FORMS.ILK
C:\DOCUMENTS\VISUAL STUDIO 2010\PROJECTS\TREES_FORMS\DEBUG\TREES_FORMS.PDB
C:\DOCUMENTS\VISUAL STUDIO 2010\PROJECTS\TREES_FORMS\TREES_FORMS\DEBUG\.NETFRAMEWORK,VERSION=V4.0.ASSEMBLYATTRIBUTES.OBJ
C:\DOCUMENTS\VISUAL STUDIO 2010\PROJECTS\TREES_FORMS\TREES_FORMS\DEBUG\APP.RES
C:\DOCUMENTS\VISUAL STUDIO 2010\PROJECTS\TREES_FORMS\TREES_FORMS\DEBUG\ASSEMBLYINFO.OBJ
c:\documents\visual studio 2010\Projects\trees_Forms\trees_Forms\Debug\cl.command.1.tlog
c:\documents\visual studio 2010\Projects\trees_Forms\trees_Forms\Debug\CL.read.1.tlog
c:\documents\visual studio 2010\Projects\trees_Forms\trees_Forms\Debug\CL.write.1.tlog
c:\documents\visual studio 2010\Projects\trees_Forms\trees_Forms\Debug\link.2620.read.1.tlog
c:\documents\visual studio 2010\Projects\trees_Forms\trees_Forms\Debug\link.2620.write.1.tlog
c:\documents\visual studio 2010\Projects\trees_Forms\trees_Forms\Debug\link.2620-cvtres.read.1.tlog
c:\documents\visual studio 2010\Projects\trees_Forms\trees_Forms\Debug\link.2620-cvtres.write.1.tlog
c:\documents\visual studio 2010\Projects\trees_Forms\trees_Forms\Debug\link.32.read.1.tlog
c:\documents\visual studio 2010\Projects\trees_Forms\trees_Forms\Debug\link.32.write.1.tlog
c:\documents\visual studio 2010\Projects\trees_Forms\trees_Forms\Debug\link.32-cvtres.read.1.tlog
c:\documents\visual studio 2010\Projects\trees_Forms\trees_Forms\Debug\link.32-cvtres.write.1.tlog
c:\documents\visual studio 2010\Projects\trees_Forms\trees_Forms\Debug\link.6220.read.1.tlog
c:\documents\visual studio 2010\Projects\trees_Forms\trees_Forms\Debug\link.6220.write.1.tlog
c:\documents\visual studio 2010\Projects\trees_Forms\trees_Forms\Debug\link.6220-cvtres.read.1.tlog
c:\documents\visual studio 2010\Projects\trees_Forms\trees_Forms\Debug\link.6220-cvtres.write.1.tlog
c:\documents\visual studio 2010\Projects\trees_Forms\trees_Forms\Debug\link.6672.read.1.tlog
c:\documents\visual studio 2010\Projects\trees_Forms\trees_Forms\Debug\link.6672.write.1.tlog
c:\documents\visual studio 2010\Projects\trees_Forms\trees_Forms\Debug\link.6672-cvtres.read.1.tlog
c:\documents\visual studio 2010\Projects\trees_Forms\trees_Forms\Debug\link.6672-cvtres.write.1.tlog
c:\documents\visual studio 2010\Projects\trees_Forms\trees_Forms\Debug\link.7040.read.1.tlog
c:\documents\visual studio 2010\Projects\trees_Forms\trees_Forms\Debug\link.7040.write.1.tlog
c:\documents\visual studio 2010\Projects\trees_Forms\trees_Forms\Debug\link.7040-cvtres.read.1.tlog
c:\documents\visual studio 2010\Projects\trees_Forms\trees_Forms\Debug\link.7040-cvtres.write.1.tlog
c:\documents\visual studio 2010\Projects\trees_Forms\trees_Forms\Debug\link.command.1.tlog
c:\documents\visual studio 2010\Projects\trees_Forms\trees_Forms\Debug\link.read.1.tlog
c:\documents\visual studio 2010\Projects\trees_Forms\trees_Forms\Debug\link.write.1.tlog
c:\documents\visual studio 2010\Projects\trees_Forms\trees_Forms\Debug\mt.command.1.tlog
c:\documents\visual studio 2010\Projects\trees_Forms\trees_Forms\Debug\mt.read.1.tlog
c:\documents\visual studio 2010\Projects\trees_Forms\trees_Forms\Debug\mt.write.1.tlog
c:\documents\visual studio 2010\Projects\trees_Forms\trees_Forms\Debug\rc.command.1.tlog
c:\documents\visual studio 2010\Projects\trees_Forms\trees_Forms\Debug\rc.read.1.tlog
c:\documents\visual studio 2010\Projects\trees_Forms\trees_Forms\Debug\rc.write.1.tlog
C:\DOCUMENTS\VISUAL STUDIO 2010\PROJECTS\TREES_FORMS\TREES_FORMS\DEBUG\STDAFX.OBJ
C:\DOCUMENTS\VISUAL STUDIO 2010\PROJECTS\TREES_FORMS\TREES_FORMS\DEBUG\TREES_FORMS.EXE.INTERMEDIATE.MANIFEST
c:\documents\visual studio 2010\Projects\trees_Forms\trees_Forms\Debug\trees_Forms.Form1.resources
C:\DOCUMENTS\VISUAL STUDIO 2010\PROJECTS\TREES_FORMS\TREES_FORMS\DEBUG\TREES_FORMS.OBJ
C:\DOCUMENTS\VISUAL STUDIO 2010\PROJECTS\TREES_FORMS\TREES_FORMS\DEBUG\TREES_FORMS.PCH
c:\documents\visual studio 2010\Projects\trees_Forms\trees_Forms\Debug\trees_Forms.vcxproj.GenerateResource.Cache
c:\documents\visual studio 2010\Projects\trees_Forms\trees_Forms\Debug\trees_Forms.write.1.tlog
C:\DOCUMENTS\VISUAL STUDIO 2010\PROJECTS\TREES_FORMS\TREES_FORMS\DEBUG\VC100.PDB
