c:\documents\visual studio 2010\Projects\Classes\Classes\Debug\cl.command.1.tlog
c:\documents\visual studio 2010\Projects\Classes\Classes\Debug\CL.read.1.tlog
c:\documents\visual studio 2010\Projects\Classes\Classes\Debug\CL.write.1.tlog
C:\DOCUMENTS\VISUAL STUDIO 2010\PROJECTS\CLASSES\CLASSES\DEBUG\CLASSES.EXE.EMBED.MANIFEST
C:\DOCUMENTS\VISUAL STUDIO 2010\PROJECTS\CLASSES\CLASSES\DEBUG\CLASSES.EXE.EMBED.MANIFEST.RES
C:\DOCUMENTS\VISUAL STUDIO 2010\PROJECTS\CLASSES\CLASSES\DEBUG\CLASSES.EXE.INTERMEDIATE.MANIFEST
c:\documents\visual studio 2010\Projects\Classes\Classes\Debug\Classes.write.1.tlog
c:\documents\visual studio 2010\Projects\Classes\Classes\Debug\Classes_manifest.rc
C:\DOCUMENTS\VISUAL STUDIO 2010\PROJECTS\CLASSES\CLASSES\DEBUG\FRACTION.OBJ
C:\DOCUMENTS\VISUAL STUDIO 2010\PROJECTS\CLASSES\CLASSES\DEBUG\IRREDUCIBLE_FRACTION.OBJ
c:\documents\visual studio 2010\Projects\Classes\Classes\Debug\link.3692.read.1.tlog
c:\documents\visual studio 2010\Projects\Classes\Classes\Debug\link.3692.write.1.tlog
c:\documents\visual studio 2010\Projects\Classes\Classes\Debug\link.3692-cvtres.read.1.tlog
c:\documents\visual studio 2010\Projects\Classes\Classes\Debug\link.3692-cvtres.write.1.tlog
c:\documents\visual studio 2010\Projects\Classes\Classes\Debug\link.command.1.tlog
c:\documents\visual studio 2010\Projects\Classes\Classes\Debug\link.read.1.tlog
c:\documents\visual studio 2010\Projects\Classes\Classes\Debug\link.write.1.tlog
c:\documents\visual studio 2010\Projects\Classes\Classes\Debug\link-cvtres.read.1.tlog
c:\documents\visual studio 2010\Projects\Classes\Classes\Debug\link-cvtres.write.1.tlog
c:\documents\visual studio 2010\Projects\Classes\Classes\Debug\mt.command.1.tlog
c:\documents\visual studio 2010\Projects\Classes\Classes\Debug\mt.read.1.tlog
c:\documents\visual studio 2010\Projects\Classes\Classes\Debug\mt.write.1.tlog
c:\documents\visual studio 2010\Projects\Classes\Classes\Debug\rc.command.1.tlog
c:\documents\visual studio 2010\Projects\Classes\Classes\Debug\rc.read.1.tlog
c:\documents\visual studio 2010\Projects\Classes\Classes\Debug\rc.write.1.tlog
c:\documents\visual studio 2010\Projects\Classes\Classes\Debug\vc100.idb
C:\DOCUMENTS\VISUAL STUDIO 2010\PROJECTS\CLASSES\CLASSES\DEBUG\VC100.PDB
C:\DOCUMENTS\VISUAL STUDIO 2010\PROJECTS\CLASSES\DEBUG\CLASSES.EXE
C:\DOCUMENTS\VISUAL STUDIO 2010\PROJECTS\CLASSES\DEBUG\CLASSES.ILK
C:\DOCUMENTS\VISUAL STUDIO 2010\PROJECTS\CLASSES\DEBUG\CLASSES.PDB
