c:\documents\visual studio 2010\Projects\Boolean matrix\Boolean matrix\Debug\Boolean matrix.exe.embed.manifest
C:\DOCUMENTS\VISUAL STUDIO 2010\PROJECTS\BOOLEAN MATRIX\BOOLEAN MATRIX\DEBUG\BOOLEAN MATRIX.EXE.EMBED.MANIFEST.RES
c:\documents\visual studio 2010\Projects\Boolean matrix\Boolean matrix\Debug\Boolean matrix.exe.intermediate.manifest
c:\documents\visual studio 2010\Projects\Boolean matrix\Boolean matrix\Debug\Boolean matrix.write.1.tlog
c:\documents\visual studio 2010\Projects\Boolean matrix\Boolean matrix\Debug\Boolean matrix_manifest.rc
c:\documents\visual studio 2010\Projects\Boolean matrix\Boolean matrix\Debug\cl.command.1.tlog
c:\documents\visual studio 2010\Projects\Boolean matrix\Boolean matrix\Debug\CL.read.1.tlog
c:\documents\visual studio 2010\Projects\Boolean matrix\Boolean matrix\Debug\CL.write.1.tlog
c:\documents\visual studio 2010\Projects\Boolean matrix\Boolean matrix\Debug\link.command.1.tlog
c:\documents\visual studio 2010\Projects\Boolean matrix\Boolean matrix\Debug\link.read.1.tlog
c:\documents\visual studio 2010\Projects\Boolean matrix\Boolean matrix\Debug\link.write.1.tlog
c:\documents\visual studio 2010\Projects\Boolean matrix\Boolean matrix\Debug\link-cvtres.read.1.tlog
c:\documents\visual studio 2010\Projects\Boolean matrix\Boolean matrix\Debug\link-cvtres.write.1.tlog
C:\DOCUMENTS\VISUAL STUDIO 2010\PROJECTS\BOOLEAN MATRIX\BOOLEAN MATRIX\DEBUG\MAIN BM.OBJ
c:\documents\visual studio 2010\Projects\Boolean matrix\Boolean matrix\Debug\rc.command.1.tlog
c:\documents\visual studio 2010\Projects\Boolean matrix\Boolean matrix\Debug\rc.read.1.tlog
c:\documents\visual studio 2010\Projects\Boolean matrix\Boolean matrix\Debug\rc.write.1.tlog
c:\documents\visual studio 2010\Projects\Boolean matrix\Boolean matrix\Debug\vc100.idb
C:\DOCUMENTS\VISUAL STUDIO 2010\PROJECTS\BOOLEAN MATRIX\BOOLEAN MATRIX\DEBUG\VC100.PDB
c:\documents\visual studio 2010\Projects\Boolean matrix\Debug\Boolean matrix.pdb
