Построение начато 23.05.2017 11:53:58.
     1>Проект "c:\documents\visual studio 2010\Projects\asm_4\asm_4\asm_4.vcxproj" в узле 2 (целевые объекты build).
     1>InitializeBuildStatus:
         Создание "Debug\asm_4.unsuccessfulbuild", так как было задано "AlwaysCreate".
       ClCompile:
         C:\Program Files (x86)\Microsoft Visual Studio 10.0\VC\bin\CL.exe /c /ZI /nologo /W3 /WX- /Od /Oy- /D WIN32 /D _DEBUG /D _CONSOLE /D _UNICODE /D UNICODE /Gm /EHsc /RTC1 /MDd /GS /fp:precise /Zc:wchar_t /Zc:forScope /Fo"Debug\\" /Fd"Debug\vc100.pdb" /Gd /TP /analyze- /errorReport:prompt number60.cpp
         number60.cpp
     1>c:\documents\visual studio 2010\projects\asm_4\asm_4\number60.cpp(92): warning C4244: аргумент: преобразование "time_t" в "unsigned int", возможна потеря данных
     1>c:\documents\visual studio 2010\projects\asm_4\asm_4\number60.cpp(93): warning C4018: <: несоответствие типов со знаком и без знака
     1>c:\documents\visual studio 2010\projects\asm_4\asm_4\number60.cpp(97): warning C4018: <: несоответствие типов со знаком и без знака
     1>c:\documents\visual studio 2010\projects\asm_4\asm_4\number60.cpp(105): warning C4018: <: несоответствие типов со знаком и без знака
     1>c:\documents\visual studio 2010\projects\asm_4\asm_4\number60.cpp(86): warning C4101: i: неиспользованная локальная переменная
       ManifestResourceCompile:
         Для всех выходных данных обновления не требуется.
       Link:
         C:\Program Files (x86)\Microsoft Visual Studio 10.0\VC\bin\link.exe /ERRORREPORT:PROMPT /OUT:"c:\documents\visual studio 2010\Projects\asm_4\Debug\asm_4.exe" /INCREMENTAL /NOLOGO kernel32.lib user32.lib gdi32.lib winspool.lib comdlg32.lib advapi32.lib shell32.lib ole32.lib oleaut32.lib uuid.lib odbc32.lib odbccp32.lib /MANIFEST /ManifestFile:"Debug\asm_4.exe.intermediate.manifest" /MANIFESTUAC:"level='asInvoker' uiAccess='false'" /DEBUG /PDB:"c:\documents\visual studio 2010\Projects\asm_4\Debug\asm_4.pdb" /SUBSYSTEM:CONSOLE /TLBID:1 /DYNAMICBASE /NXCOMPAT /IMPLIB:"c:\documents\visual studio 2010\Projects\asm_4\Debug\asm_4.lib" /MACHINE:X86 Debug\asm_4.exe.embed.manifest.res
         Debug\number60.obj
       Manifest:
         C:\Program Files (x86)\Microsoft SDKs\Windows\v7.0A\bin\mt.exe /nologo /verbose /out:"Debug\asm_4.exe.embed.manifest" /manifest Debug\asm_4.exe.intermediate.manifest
         Для всех выходных данных обновления не требуется.
       LinkEmbedManifest:
         Для всех выходных данных обновления не требуется.
         asm_4.vcxproj -> c:\documents\visual studio 2010\Projects\asm_4\Debug\asm_4.exe
       FinalizeBuildStatus:
         Файл "Debug\asm_4.unsuccessfulbuild" удаляется.
         Обращение к "Debug\asm_4.lastbuildstate".
     1>Построение проекта "c:\documents\visual studio 2010\Projects\asm_4\asm_4\asm_4.vcxproj" завершено (целевые объекты build).

Построение успешно завершено.

Затраченное время: 00:00:00.98
