C:\DOCUMENTS\VISUAL STUDIO 2010\PROJECTS\ASM_4\ASM_4\DEBUG\ASM_4.EXE.EMBED.MANIFEST
C:\DOCUMENTS\VISUAL STUDIO 2010\PROJECTS\ASM_4\ASM_4\DEBUG\ASM_4.EXE.EMBED.MANIFEST.RES
C:\DOCUMENTS\VISUAL STUDIO 2010\PROJECTS\ASM_4\ASM_4\DEBUG\ASM_4.EXE.INTERMEDIATE.MANIFEST
c:\documents\visual studio 2010\Projects\asm_4\asm_4\Debug\asm_4.write.1.tlog
c:\documents\visual studio 2010\Projects\asm_4\asm_4\Debug\asm_4_manifest.rc
c:\documents\visual studio 2010\Projects\asm_4\asm_4\Debug\cl.command.1.tlog
c:\documents\visual studio 2010\Projects\asm_4\asm_4\Debug\CL.read.1.tlog
c:\documents\visual studio 2010\Projects\asm_4\asm_4\Debug\CL.write.1.tlog
c:\documents\visual studio 2010\Projects\asm_4\asm_4\Debug\link.1624.read.1.tlog
c:\documents\visual studio 2010\Projects\asm_4\asm_4\Debug\link.1624.write.1.tlog
c:\documents\visual studio 2010\Projects\asm_4\asm_4\Debug\link.1624-cvtres.read.1.tlog
c:\documents\visual studio 2010\Projects\asm_4\asm_4\Debug\link.1624-cvtres.write.1.tlog
c:\documents\visual studio 2010\Projects\asm_4\asm_4\Debug\link.command.1.tlog
c:\documents\visual studio 2010\Projects\asm_4\asm_4\Debug\link.read.1.tlog
c:\documents\visual studio 2010\Projects\asm_4\asm_4\Debug\link.write.1.tlog
c:\documents\visual studio 2010\Projects\asm_4\asm_4\Debug\link-cvtres.read.1.tlog
c:\documents\visual studio 2010\Projects\asm_4\asm_4\Debug\link-cvtres.write.1.tlog
c:\documents\visual studio 2010\Projects\asm_4\asm_4\Debug\mt.command.1.tlog
c:\documents\visual studio 2010\Projects\asm_4\asm_4\Debug\mt.read.1.tlog
c:\documents\visual studio 2010\Projects\asm_4\asm_4\Debug\mt.write.1.tlog
C:\DOCUMENTS\VISUAL STUDIO 2010\PROJECTS\ASM_4\ASM_4\DEBUG\NUMBER60.OBJ
c:\documents\visual studio 2010\Projects\asm_4\asm_4\Debug\rc.command.1.tlog
c:\documents\visual studio 2010\Projects\asm_4\asm_4\Debug\rc.read.1.tlog
c:\documents\visual studio 2010\Projects\asm_4\asm_4\Debug\rc.write.1.tlog
c:\documents\visual studio 2010\Projects\asm_4\asm_4\Debug\vc100.idb
C:\DOCUMENTS\VISUAL STUDIO 2010\PROJECTS\ASM_4\ASM_4\DEBUG\VC100.PDB
C:\DOCUMENTS\VISUAL STUDIO 2010\PROJECTS\ASM_4\DEBUG\ASM_4.EXE
C:\DOCUMENTS\VISUAL STUDIO 2010\PROJECTS\ASM_4\DEBUG\ASM_4.ILK
C:\DOCUMENTS\VISUAL STUDIO 2010\PROJECTS\ASM_4\DEBUG\ASM_4.PDB
