C:\DOCUMENTS\VISUAL STUDIO 2010\PROJECTS\FILES_SORT\DEBUG\FILES_SORT.EXE
C:\DOCUMENTS\VISUAL STUDIO 2010\PROJECTS\FILES_SORT\DEBUG\FILES_SORT.ILK
C:\DOCUMENTS\VISUAL STUDIO 2010\PROJECTS\FILES_SORT\DEBUG\FILES_SORT.PDB
C:\Documents\Visual Studio 2010\Projects\files_sort\files_sort\Debug\cl.command.1.tlog
C:\Documents\Visual Studio 2010\Projects\files_sort\files_sort\Debug\CL.read.1.tlog
C:\Documents\Visual Studio 2010\Projects\files_sort\files_sort\Debug\CL.write.1.tlog
C:\DOCUMENTS\VISUAL STUDIO 2010\PROJECTS\FILES_SORT\FILES_SORT\DEBUG\FILES_SORT.EXE.EMBED.MANIFEST
C:\DOCUMENTS\VISUAL STUDIO 2010\PROJECTS\FILES_SORT\FILES_SORT\DEBUG\FILES_SORT.EXE.EMBED.MANIFEST.RES
C:\DOCUMENTS\VISUAL STUDIO 2010\PROJECTS\FILES_SORT\FILES_SORT\DEBUG\FILES_SORT.EXE.INTERMEDIATE.MANIFEST
C:\Documents\Visual Studio 2010\Projects\files_sort\files_sort\Debug\files_sort.write.1.tlog
C:\Documents\Visual Studio 2010\Projects\files_sort\files_sort\Debug\files_sort_manifest.rc
C:\Documents\Visual Studio 2010\Projects\files_sort\files_sort\Debug\link.6976.read.1.tlog
C:\Documents\Visual Studio 2010\Projects\files_sort\files_sort\Debug\link.6976.write.1.tlog
C:\Documents\Visual Studio 2010\Projects\files_sort\files_sort\Debug\link.6976-cvtres.read.1.tlog
C:\Documents\Visual Studio 2010\Projects\files_sort\files_sort\Debug\link.6976-cvtres.write.1.tlog
C:\Documents\Visual Studio 2010\Projects\files_sort\files_sort\Debug\link.command.1.tlog
C:\Documents\Visual Studio 2010\Projects\files_sort\files_sort\Debug\link.read.1.tlog
C:\Documents\Visual Studio 2010\Projects\files_sort\files_sort\Debug\link.write.1.tlog
C:\Documents\Visual Studio 2010\Projects\files_sort\files_sort\Debug\link-cvtres.read.1.tlog
C:\Documents\Visual Studio 2010\Projects\files_sort\files_sort\Debug\link-cvtres.write.1.tlog
C:\Documents\Visual Studio 2010\Projects\files_sort\files_sort\Debug\mt.command.1.tlog
C:\Documents\Visual Studio 2010\Projects\files_sort\files_sort\Debug\mt.read.1.tlog
C:\Documents\Visual Studio 2010\Projects\files_sort\files_sort\Debug\mt.write.1.tlog
C:\Documents\Visual Studio 2010\Projects\files_sort\files_sort\Debug\rc.command.1.tlog
C:\Documents\Visual Studio 2010\Projects\files_sort\files_sort\Debug\rc.read.1.tlog
C:\Documents\Visual Studio 2010\Projects\files_sort\files_sort\Debug\rc.write.1.tlog
C:\DOCUMENTS\VISUAL STUDIO 2010\PROJECTS\FILES_SORT\FILES_SORT\DEBUG\SORT.OBJ
C:\Documents\Visual Studio 2010\Projects\files_sort\files_sort\Debug\vc100.idb
C:\DOCUMENTS\VISUAL STUDIO 2010\PROJECTS\FILES_SORT\FILES_SORT\DEBUG\VC100.PDB
