C:\DOCUMENTS\VISUAL STUDIO 2010\PROJECTS\LEARNING C\DEBUG\LEARNING C.EXE
C:\DOCUMENTS\VISUAL STUDIO 2010\PROJECTS\LEARNING C\DEBUG\LEARNING C.ILK
C:\DOCUMENTS\VISUAL STUDIO 2010\PROJECTS\LEARNING C\DEBUG\LEARNING C.PDB
C:\DOCUMENTS\VISUAL STUDIO 2010\PROJECTS\LEARNING C\LEARNING C\DEBUG\3_17.OBJ
c:\documents\visual studio 2010\Projects\Learning C\Learning C\Debug\cl.command.1.tlog
c:\documents\visual studio 2010\Projects\Learning C\Learning C\Debug\CL.read.1.tlog
c:\documents\visual studio 2010\Projects\Learning C\Learning C\Debug\CL.write.1.tlog
C:\DOCUMENTS\VISUAL STUDIO 2010\PROJECTS\LEARNING C\LEARNING C\DEBUG\LEARNING C.EXE.EMBED.MANIFEST
C:\DOCUMENTS\VISUAL STUDIO 2010\PROJECTS\LEARNING C\LEARNING C\DEBUG\LEARNING C.EXE.EMBED.MANIFEST.RES
C:\DOCUMENTS\VISUAL STUDIO 2010\PROJECTS\LEARNING C\LEARNING C\DEBUG\LEARNING C.EXE.INTERMEDIATE.MANIFEST
c:\documents\visual studio 2010\Projects\Learning C\Learning C\Debug\Learning C.write.1.tlog
c:\documents\visual studio 2010\Projects\Learning C\Learning C\Debug\Learning C_manifest.rc
c:\documents\visual studio 2010\Projects\Learning C\Learning C\Debug\link.6964.read.1.tlog
c:\documents\visual studio 2010\Projects\Learning C\Learning C\Debug\link.6964.write.1.tlog
c:\documents\visual studio 2010\Projects\Learning C\Learning C\Debug\link.6964-cvtres.read.1.tlog
c:\documents\visual studio 2010\Projects\Learning C\Learning C\Debug\link.6964-cvtres.write.1.tlog
c:\documents\visual studio 2010\Projects\Learning C\Learning C\Debug\link.command.1.tlog
c:\documents\visual studio 2010\Projects\Learning C\Learning C\Debug\link.read.1.tlog
c:\documents\visual studio 2010\Projects\Learning C\Learning C\Debug\link.write.1.tlog
c:\documents\visual studio 2010\Projects\Learning C\Learning C\Debug\link-cvtres.read.1.tlog
c:\documents\visual studio 2010\Projects\Learning C\Learning C\Debug\link-cvtres.write.1.tlog
c:\documents\visual studio 2010\Projects\Learning C\Learning C\Debug\mt.command.1.tlog
c:\documents\visual studio 2010\Projects\Learning C\Learning C\Debug\mt.read.1.tlog
c:\documents\visual studio 2010\Projects\Learning C\Learning C\Debug\mt.write.1.tlog
c:\documents\visual studio 2010\Projects\Learning C\Learning C\Debug\rc.command.1.tlog
c:\documents\visual studio 2010\Projects\Learning C\Learning C\Debug\rc.read.1.tlog
c:\documents\visual studio 2010\Projects\Learning C\Learning C\Debug\rc.write.1.tlog
c:\documents\visual studio 2010\Projects\Learning C\Learning C\Debug\vc100.idb
C:\DOCUMENTS\VISUAL STUDIO 2010\PROJECTS\LEARNING C\LEARNING C\DEBUG\VC100.PDB
