Построение начато 01.02.2016 14:12:16.
     1>Проект "c:\documents\visual studio 2010\Projects\class template Array\class template Array\class template Array.vcxproj" в узле 2 (целевые объекты rebuild).
     1>_PrepareForClean:
         Файл "Debug\class template Array.lastbuildstate" удаляется.
       InitializeBuildStatus:
         Создание "Debug\class template Array.unsuccessfulbuild", так как было задано "AlwaysCreate".
       ClCompile:
         C:\Program Files (x86)\Microsoft Visual Studio 10.0\VC\bin\CL.exe /c /ZI /nologo /W3 /WX- /Od /Oy- /D WIN32 /D _DEBUG /D _CONSOLE /D _UNICODE /D UNICODE /Gm /EHsc /RTC1 /MDd /GS /fp:precise /Zc:wchar_t /Zc:forScope /Fo"Debug\\" /Fd"Debug\vc100.pdb" /Gd /TP /analyze- /errorReport:prompt "main template array.cpp"
         main template array.cpp
       ManifestResourceCompile:
         C:\Program Files (x86)\Microsoft SDKs\Windows\v7.0A\bin\rc.exe /nologo /fo"Debug\class template Array.exe.embed.manifest.res" "Debug\class template Array_manifest.rc" 
       Link:
         C:\Program Files (x86)\Microsoft Visual Studio 10.0\VC\bin\link.exe /ERRORREPORT:PROMPT /OUT:"c:\documents\visual studio 2010\Projects\class template Array\Debug\class template Array.exe" /INCREMENTAL /NOLOGO kernel32.lib user32.lib gdi32.lib winspool.lib comdlg32.lib advapi32.lib shell32.lib ole32.lib oleaut32.lib uuid.lib odbc32.lib odbccp32.lib /MANIFEST /ManifestFile:"Debug\class template Array.exe.intermediate.manifest" /MANIFESTUAC:"level='asInvoker' uiAccess='false'" /DEBUG /PDB:"c:\documents\visual studio 2010\Projects\class template Array\Debug\class template Array.pdb" /SUBSYSTEM:CONSOLE /TLBID:1 /DYNAMICBASE /NXCOMPAT /IMPLIB:"c:\documents\visual studio 2010\Projects\class template Array\Debug\class template Array.lib" /MACHINE:X86 "Debug\class template Array.exe.embed.manifest.res"
         "Debug\main template array.obj"
       Manifest:
         Файл "Debug\class template Array.exe.embed.manifest" удаляется.
         C:\Program Files (x86)\Microsoft SDKs\Windows\v7.0A\bin\mt.exe /nologo /verbose /out:"Debug\class template Array.exe.embed.manifest" /manifest "Debug\class template Array.exe.intermediate.manifest"
         C:\Program Files (x86)\Microsoft SDKs\Windows\v7.0A\bin\rc.exe /nologo /fo"Debug\class template Array.exe.embed.manifest.res" "Debug\class template Array_manifest.rc" 
       LinkEmbedManifest:
         C:\Program Files (x86)\Microsoft Visual Studio 10.0\VC\bin\link.exe /ERRORREPORT:PROMPT /OUT:"c:\documents\visual studio 2010\Projects\class template Array\Debug\class template Array.exe" /INCREMENTAL /NOLOGO kernel32.lib user32.lib gdi32.lib winspool.lib comdlg32.lib advapi32.lib shell32.lib ole32.lib oleaut32.lib uuid.lib odbc32.lib odbccp32.lib /MANIFEST /ManifestFile:"Debug\class template Array.exe.intermediate.manifest" /MANIFESTUAC:"level='asInvoker' uiAccess='false'" /DEBUG /PDB:"c:\documents\visual studio 2010\Projects\class template Array\Debug\class template Array.pdb" /SUBSYSTEM:CONSOLE /TLBID:1 /DYNAMICBASE /NXCOMPAT /IMPLIB:"c:\documents\visual studio 2010\Projects\class template Array\Debug\class template Array.lib" /MACHINE:X86 "Debug\class template Array.exe.embed.manifest.res"
         "Debug\main template array.obj"
         class template Array.vcxproj -> c:\documents\visual studio 2010\Projects\class template Array\Debug\class template Array.exe
       FinalizeBuildStatus:
         Файл "Debug\class template Array.unsuccessfulbuild" удаляется.
         Обращение к "Debug\class template Array.lastbuildstate".
     1>Построение проекта "c:\documents\visual studio 2010\Projects\class template Array\class template Array\class template Array.vcxproj" завершено (целевые объекты rebuild).

Построение успешно завершено.

Затраченное время: 00:00:01.31
