c:\documents\visual studio 2010\Projects\class template Array\class template Array\Debug\cl.command.1.tlog
c:\documents\visual studio 2010\Projects\class template Array\class template Array\Debug\CL.read.1.tlog
c:\documents\visual studio 2010\Projects\class template Array\class template Array\Debug\CL.write.1.tlog
C:\DOCUMENTS\VISUAL STUDIO 2010\PROJECTS\CLASS TEMPLATE ARRAY\CLASS TEMPLATE ARRAY\DEBUG\CLASS TEMPLATE ARRAY.EXE.EMBED.MANIFEST
C:\DOCUMENTS\VISUAL STUDIO 2010\PROJECTS\CLASS TEMPLATE ARRAY\CLASS TEMPLATE ARRAY\DEBUG\CLASS TEMPLATE ARRAY.EXE.EMBED.MANIFEST.RES
C:\DOCUMENTS\VISUAL STUDIO 2010\PROJECTS\CLASS TEMPLATE ARRAY\CLASS TEMPLATE ARRAY\DEBUG\CLASS TEMPLATE ARRAY.EXE.INTERMEDIATE.MANIFEST
c:\documents\visual studio 2010\Projects\class template Array\class template Array\Debug\class template Array.write.1.tlog
c:\documents\visual studio 2010\Projects\class template Array\class template Array\Debug\class template Array_manifest.rc
c:\documents\visual studio 2010\Projects\class template Array\class template Array\Debug\link.4368.read.1.tlog
c:\documents\visual studio 2010\Projects\class template Array\class template Array\Debug\link.4368.write.1.tlog
c:\documents\visual studio 2010\Projects\class template Array\class template Array\Debug\link.4368-cvtres.read.1.tlog
c:\documents\visual studio 2010\Projects\class template Array\class template Array\Debug\link.4368-cvtres.write.1.tlog
c:\documents\visual studio 2010\Projects\class template Array\class template Array\Debug\link.command.1.tlog
c:\documents\visual studio 2010\Projects\class template Array\class template Array\Debug\link.read.1.tlog
c:\documents\visual studio 2010\Projects\class template Array\class template Array\Debug\link.write.1.tlog
c:\documents\visual studio 2010\Projects\class template Array\class template Array\Debug\link-cvtres.read.1.tlog
c:\documents\visual studio 2010\Projects\class template Array\class template Array\Debug\link-cvtres.write.1.tlog
C:\DOCUMENTS\VISUAL STUDIO 2010\PROJECTS\CLASS TEMPLATE ARRAY\CLASS TEMPLATE ARRAY\DEBUG\MAIN TEMPLATE ARRAY.OBJ
c:\documents\visual studio 2010\Projects\class template Array\class template Array\Debug\mt.command.1.tlog
c:\documents\visual studio 2010\Projects\class template Array\class template Array\Debug\mt.read.1.tlog
c:\documents\visual studio 2010\Projects\class template Array\class template Array\Debug\mt.write.1.tlog
c:\documents\visual studio 2010\Projects\class template Array\class template Array\Debug\rc.command.1.tlog
c:\documents\visual studio 2010\Projects\class template Array\class template Array\Debug\rc.read.1.tlog
c:\documents\visual studio 2010\Projects\class template Array\class template Array\Debug\rc.write.1.tlog
c:\documents\visual studio 2010\Projects\class template Array\class template Array\Debug\vc100.idb
C:\DOCUMENTS\VISUAL STUDIO 2010\PROJECTS\CLASS TEMPLATE ARRAY\CLASS TEMPLATE ARRAY\DEBUG\VC100.PDB
C:\DOCUMENTS\VISUAL STUDIO 2010\PROJECTS\CLASS TEMPLATE ARRAY\DEBUG\CLASS TEMPLATE ARRAY.EXE
C:\DOCUMENTS\VISUAL STUDIO 2010\PROJECTS\CLASS TEMPLATE ARRAY\DEBUG\CLASS TEMPLATE ARRAY.ILK
C:\DOCUMENTS\VISUAL STUDIO 2010\PROJECTS\CLASS TEMPLATE ARRAY\DEBUG\CLASS TEMPLATE ARRAY.PDB
