C:\DOCUMENTS\VISUAL STUDIO 2010\PROJECTS\VECTOR.LIST.SET\DEBUG\VECTOR.LIST.SET.EXE
C:\DOCUMENTS\VISUAL STUDIO 2010\PROJECTS\VECTOR.LIST.SET\DEBUG\VECTOR.LIST.SET.ILK
C:\DOCUMENTS\VISUAL STUDIO 2010\PROJECTS\VECTOR.LIST.SET\DEBUG\VECTOR.LIST.SET.PDB
c:\documents\visual studio 2010\Projects\Vector.List.Set\Vector.List.Set\Debug\cl.command.1.tlog
c:\documents\visual studio 2010\Projects\Vector.List.Set\Vector.List.Set\Debug\CL.read.1.tlog
c:\documents\visual studio 2010\Projects\Vector.List.Set\Vector.List.Set\Debug\CL.write.1.tlog
c:\documents\visual studio 2010\Projects\Vector.List.Set\Vector.List.Set\Debug\link.4788.read.1.tlog
c:\documents\visual studio 2010\Projects\Vector.List.Set\Vector.List.Set\Debug\link.4788.write.1.tlog
c:\documents\visual studio 2010\Projects\Vector.List.Set\Vector.List.Set\Debug\link.4788-cvtres.read.1.tlog
c:\documents\visual studio 2010\Projects\Vector.List.Set\Vector.List.Set\Debug\link.4788-cvtres.write.1.tlog
c:\documents\visual studio 2010\Projects\Vector.List.Set\Vector.List.Set\Debug\link.command.1.tlog
c:\documents\visual studio 2010\Projects\Vector.List.Set\Vector.List.Set\Debug\link.read.1.tlog
c:\documents\visual studio 2010\Projects\Vector.List.Set\Vector.List.Set\Debug\link.write.1.tlog
c:\documents\visual studio 2010\Projects\Vector.List.Set\Vector.List.Set\Debug\link-cvtres.read.1.tlog
c:\documents\visual studio 2010\Projects\Vector.List.Set\Vector.List.Set\Debug\link-cvtres.write.1.tlog
c:\documents\visual studio 2010\Projects\Vector.List.Set\Vector.List.Set\Debug\mt.command.1.tlog
c:\documents\visual studio 2010\Projects\Vector.List.Set\Vector.List.Set\Debug\mt.read.1.tlog
c:\documents\visual studio 2010\Projects\Vector.List.Set\Vector.List.Set\Debug\mt.write.1.tlog
c:\documents\visual studio 2010\Projects\Vector.List.Set\Vector.List.Set\Debug\rc.command.1.tlog
c:\documents\visual studio 2010\Projects\Vector.List.Set\Vector.List.Set\Debug\rc.read.1.tlog
c:\documents\visual studio 2010\Projects\Vector.List.Set\Vector.List.Set\Debug\rc.write.1.tlog
c:\documents\visual studio 2010\Projects\Vector.List.Set\Vector.List.Set\Debug\vc100.idb
C:\DOCUMENTS\VISUAL STUDIO 2010\PROJECTS\VECTOR.LIST.SET\VECTOR.LIST.SET\DEBUG\VC100.PDB
C:\DOCUMENTS\VISUAL STUDIO 2010\PROJECTS\VECTOR.LIST.SET\VECTOR.LIST.SET\DEBUG\VECTOR.LIST.SET.EXE.EMBED.MANIFEST
C:\DOCUMENTS\VISUAL STUDIO 2010\PROJECTS\VECTOR.LIST.SET\VECTOR.LIST.SET\DEBUG\VECTOR.LIST.SET.EXE.EMBED.MANIFEST.RES
C:\DOCUMENTS\VISUAL STUDIO 2010\PROJECTS\VECTOR.LIST.SET\VECTOR.LIST.SET\DEBUG\VECTOR.LIST.SET.EXE.INTERMEDIATE.MANIFEST
c:\documents\visual studio 2010\Projects\Vector.List.Set\Vector.List.Set\Debug\Vector.List.Set.write.1.tlog
c:\documents\visual studio 2010\Projects\Vector.List.Set\Vector.List.Set\Debug\Vector.List.Set_manifest.rc
C:\DOCUMENTS\VISUAL STUDIO 2010\PROJECTS\VECTOR.LIST.SET\VECTOR.LIST.SET\DEBUG\VECTOR.OBJ
