Построение начато 12.11.2015 20:51:49.
     1>Проект "c:\documents\visual studio 2010\Projects\Class_Array\Class_Array\Class_Array.vcxproj" в узле 2 (целевые объекты rebuild).
     1>_PrepareForClean:
         Файл "Debug\Class_Array.lastbuildstate" удаляется.
       InitializeBuildStatus:
         Создание "Debug\Class_Array.unsuccessfulbuild", так как было задано "AlwaysCreate".
       ClCompile:
         C:\Program Files (x86)\Microsoft Visual Studio 10.0\VC\bin\CL.exe /c /ZI /nologo /W3 /WX- /Od /Oy- /D WIN32 /D _DEBUG /D _CONSOLE /D _UNICODE /D UNICODE /Gm /EHsc /RTC1 /MDd /GS /fp:precise /Zc:wchar_t /Zc:forScope /Fo"Debug\\" /Fd"Debug\vc100.pdb" /Gd /TP /analyze- /errorReport:prompt Array.cpp main_array.cpp
         main_array.cpp
     1>c:\documents\visual studio 2010\projects\class_array\class_array\main_array.cpp(19): warning C4996: 'getch': The POSIX name for this item is deprecated. Instead, use the ISO C++ conformant name: _getch. See online help for details.
                 c:\program files (x86)\microsoft visual studio 10.0\vc\include\conio.h(128): см. объявление "getch"
         Array.cpp
     1>c:\documents\visual studio 2010\projects\class_array\class_array\array.cpp(311): warning C4244: аргумент: преобразование "time_t" в "unsigned int", возможна потеря данных
         Создание кода...
       ManifestResourceCompile:
         C:\Program Files (x86)\Microsoft SDKs\Windows\v7.0A\bin\rc.exe /nologo /fo"Debug\Class_Array.exe.embed.manifest.res" Debug\Class_Array_manifest.rc 
       Link:
         C:\Program Files (x86)\Microsoft Visual Studio 10.0\VC\bin\link.exe /ERRORREPORT:PROMPT /OUT:"c:\documents\visual studio 2010\Projects\Class_Array\Debug\Class_Array.exe" /INCREMENTAL /NOLOGO kernel32.lib user32.lib gdi32.lib winspool.lib comdlg32.lib advapi32.lib shell32.lib ole32.lib oleaut32.lib uuid.lib odbc32.lib odbccp32.lib /MANIFEST /ManifestFile:"Debug\Class_Array.exe.intermediate.manifest" /MANIFESTUAC:"level='asInvoker' uiAccess='false'" /DEBUG /PDB:"c:\documents\visual studio 2010\Projects\Class_Array\Debug\Class_Array.pdb" /SUBSYSTEM:CONSOLE /TLBID:1 /DYNAMICBASE /NXCOMPAT /IMPLIB:"c:\documents\visual studio 2010\Projects\Class_Array\Debug\Class_Array.lib" /MACHINE:X86 Debug\Class_Array.exe.embed.manifest.res
         Debug\Array.obj
         Debug\main_array.obj
       Manifest:
         Файл "Debug\Class_Array.exe.embed.manifest" удаляется.
         C:\Program Files (x86)\Microsoft SDKs\Windows\v7.0A\bin\mt.exe /nologo /verbose /out:"Debug\Class_Array.exe.embed.manifest" /manifest Debug\Class_Array.exe.intermediate.manifest
         C:\Program Files (x86)\Microsoft SDKs\Windows\v7.0A\bin\rc.exe /nologo /fo"Debug\Class_Array.exe.embed.manifest.res" Debug\Class_Array_manifest.rc 
       LinkEmbedManifest:
         C:\Program Files (x86)\Microsoft Visual Studio 10.0\VC\bin\link.exe /ERRORREPORT:PROMPT /OUT:"c:\documents\visual studio 2010\Projects\Class_Array\Debug\Class_Array.exe" /INCREMENTAL /NOLOGO kernel32.lib user32.lib gdi32.lib winspool.lib comdlg32.lib advapi32.lib shell32.lib ole32.lib oleaut32.lib uuid.lib odbc32.lib odbccp32.lib /MANIFEST /ManifestFile:"Debug\Class_Array.exe.intermediate.manifest" /MANIFESTUAC:"level='asInvoker' uiAccess='false'" /DEBUG /PDB:"c:\documents\visual studio 2010\Projects\Class_Array\Debug\Class_Array.pdb" /SUBSYSTEM:CONSOLE /TLBID:1 /DYNAMICBASE /NXCOMPAT /IMPLIB:"c:\documents\visual studio 2010\Projects\Class_Array\Debug\Class_Array.lib" /MACHINE:X86 Debug\Class_Array.exe.embed.manifest.res
         Debug\Array.obj
         Debug\main_array.obj
         Class_Array.vcxproj -> c:\documents\visual studio 2010\Projects\Class_Array\Debug\Class_Array.exe
       FinalizeBuildStatus:
         Файл "Debug\Class_Array.unsuccessfulbuild" удаляется.
         Обращение к "Debug\Class_Array.lastbuildstate".
     1>Построение проекта "c:\documents\visual studio 2010\Projects\Class_Array\Class_Array\Class_Array.vcxproj" завершено (целевые объекты rebuild).

Построение успешно завершено.

Затраченное время: 00:00:01.68
