C:\DOCUMENTS\VISUAL STUDIO 2010\PROJECTS\CLASS_ARRAY\CLASS_ARRAY\DEBUG\ARRAY.OBJ
c:\documents\visual studio 2010\Projects\Class_Array\Class_Array\Debug\cl.command.1.tlog
c:\documents\visual studio 2010\Projects\Class_Array\Class_Array\Debug\CL.read.1.tlog
c:\documents\visual studio 2010\Projects\Class_Array\Class_Array\Debug\CL.write.1.tlog
C:\DOCUMENTS\VISUAL STUDIO 2010\PROJECTS\CLASS_ARRAY\CLASS_ARRAY\DEBUG\CLASS_ARRAY.EXE.EMBED.MANIFEST
C:\DOCUMENTS\VISUAL STUDIO 2010\PROJECTS\CLASS_ARRAY\CLASS_ARRAY\DEBUG\CLASS_ARRAY.EXE.EMBED.MANIFEST.RES
C:\DOCUMENTS\VISUAL STUDIO 2010\PROJECTS\CLASS_ARRAY\CLASS_ARRAY\DEBUG\CLASS_ARRAY.EXE.INTERMEDIATE.MANIFEST
c:\documents\visual studio 2010\Projects\Class_Array\Class_Array\Debug\Class_Array.write.1.tlog
c:\documents\visual studio 2010\Projects\Class_Array\Class_Array\Debug\Class_Array_manifest.rc
c:\documents\visual studio 2010\Projects\Class_Array\Class_Array\Debug\link.8384.read.1.tlog
c:\documents\visual studio 2010\Projects\Class_Array\Class_Array\Debug\link.8384.write.1.tlog
c:\documents\visual studio 2010\Projects\Class_Array\Class_Array\Debug\link.8384-cvtres.read.1.tlog
c:\documents\visual studio 2010\Projects\Class_Array\Class_Array\Debug\link.8384-cvtres.write.1.tlog
c:\documents\visual studio 2010\Projects\Class_Array\Class_Array\Debug\link.command.1.tlog
c:\documents\visual studio 2010\Projects\Class_Array\Class_Array\Debug\link.read.1.tlog
c:\documents\visual studio 2010\Projects\Class_Array\Class_Array\Debug\link.write.1.tlog
c:\documents\visual studio 2010\Projects\Class_Array\Class_Array\Debug\link-cvtres.read.1.tlog
c:\documents\visual studio 2010\Projects\Class_Array\Class_Array\Debug\link-cvtres.write.1.tlog
C:\DOCUMENTS\VISUAL STUDIO 2010\PROJECTS\CLASS_ARRAY\CLASS_ARRAY\DEBUG\MAIN_ARRAY.OBJ
c:\documents\visual studio 2010\Projects\Class_Array\Class_Array\Debug\mt.command.1.tlog
c:\documents\visual studio 2010\Projects\Class_Array\Class_Array\Debug\mt.read.1.tlog
c:\documents\visual studio 2010\Projects\Class_Array\Class_Array\Debug\mt.write.1.tlog
c:\documents\visual studio 2010\Projects\Class_Array\Class_Array\Debug\rc.command.1.tlog
c:\documents\visual studio 2010\Projects\Class_Array\Class_Array\Debug\rc.read.1.tlog
c:\documents\visual studio 2010\Projects\Class_Array\Class_Array\Debug\rc.write.1.tlog
c:\documents\visual studio 2010\Projects\Class_Array\Class_Array\Debug\vc100.idb
C:\DOCUMENTS\VISUAL STUDIO 2010\PROJECTS\CLASS_ARRAY\CLASS_ARRAY\DEBUG\VC100.PDB
C:\DOCUMENTS\VISUAL STUDIO 2010\PROJECTS\CLASS_ARRAY\DEBUG\CLASS_ARRAY.EXE
C:\DOCUMENTS\VISUAL STUDIO 2010\PROJECTS\CLASS_ARRAY\DEBUG\CLASS_ARRAY.ILK
C:\DOCUMENTS\VISUAL STUDIO 2010\PROJECTS\CLASS_ARRAY\DEBUG\CLASS_ARRAY.PDB
