C:\DOCUMENTS\VISUAL STUDIO 2010\PROJECTS\FULL CLASS LIST\DEBUG\FULL CLASS LIST.EXE
C:\DOCUMENTS\VISUAL STUDIO 2010\PROJECTS\FULL CLASS LIST\DEBUG\FULL CLASS LIST.ILK
C:\DOCUMENTS\VISUAL STUDIO 2010\PROJECTS\FULL CLASS LIST\DEBUG\FULL CLASS LIST.PDB
c:\documents\visual studio 2010\Projects\full class List\full class List\Debug\cl.command.1.tlog
c:\documents\visual studio 2010\Projects\full class List\full class List\Debug\CL.read.1.tlog
c:\documents\visual studio 2010\Projects\full class List\full class List\Debug\CL.write.1.tlog
C:\DOCUMENTS\VISUAL STUDIO 2010\PROJECTS\FULL CLASS LIST\FULL CLASS LIST\DEBUG\FULL CLASS LIST.EXE.EMBED.MANIFEST
C:\DOCUMENTS\VISUAL STUDIO 2010\PROJECTS\FULL CLASS LIST\FULL CLASS LIST\DEBUG\FULL CLASS LIST.EXE.EMBED.MANIFEST.RES
C:\DOCUMENTS\VISUAL STUDIO 2010\PROJECTS\FULL CLASS LIST\FULL CLASS LIST\DEBUG\FULL CLASS LIST.EXE.INTERMEDIATE.MANIFEST
c:\documents\visual studio 2010\Projects\full class List\full class List\Debug\full class List.write.1.tlog
c:\documents\visual studio 2010\Projects\full class List\full class List\Debug\full class List_manifest.rc
c:\documents\visual studio 2010\Projects\full class List\full class List\Debug\link.10692.read.1.tlog
c:\documents\visual studio 2010\Projects\full class List\full class List\Debug\link.10692.write.1.tlog
c:\documents\visual studio 2010\Projects\full class List\full class List\Debug\link.10692-cvtres.read.1.tlog
c:\documents\visual studio 2010\Projects\full class List\full class List\Debug\link.10692-cvtres.write.1.tlog
c:\documents\visual studio 2010\Projects\full class List\full class List\Debug\link.command.1.tlog
c:\documents\visual studio 2010\Projects\full class List\full class List\Debug\link.read.1.tlog
c:\documents\visual studio 2010\Projects\full class List\full class List\Debug\link.write.1.tlog
c:\documents\visual studio 2010\Projects\full class List\full class List\Debug\link-cvtres.read.1.tlog
c:\documents\visual studio 2010\Projects\full class List\full class List\Debug\link-cvtres.write.1.tlog
C:\DOCUMENTS\VISUAL STUDIO 2010\PROJECTS\FULL CLASS LIST\FULL CLASS LIST\DEBUG\LIST.OBJ
C:\DOCUMENTS\VISUAL STUDIO 2010\PROJECTS\FULL CLASS LIST\FULL CLASS LIST\DEBUG\MAIN LIST.OBJ
c:\documents\visual studio 2010\Projects\full class List\full class List\Debug\mt.command.1.tlog
c:\documents\visual studio 2010\Projects\full class List\full class List\Debug\mt.read.1.tlog
c:\documents\visual studio 2010\Projects\full class List\full class List\Debug\mt.write.1.tlog
c:\documents\visual studio 2010\Projects\full class List\full class List\Debug\rc.command.1.tlog
c:\documents\visual studio 2010\Projects\full class List\full class List\Debug\rc.read.1.tlog
c:\documents\visual studio 2010\Projects\full class List\full class List\Debug\rc.write.1.tlog
c:\documents\visual studio 2010\Projects\full class List\full class List\Debug\vc100.idb
C:\DOCUMENTS\VISUAL STUDIO 2010\PROJECTS\FULL CLASS LIST\FULL CLASS LIST\DEBUG\VC100.PDB
