Построение начато 23.03.2016 18:23:42.
     1>Проект "c:\documents\visual studio 2010\Projects\full class List\full class List\full class List.vcxproj" в узле 2 (целевые объекты build).
     1>InitializeBuildStatus:
         Создание "Debug\full class List.unsuccessfulbuild", так как было задано "AlwaysCreate".
       ClCompile:
         C:\Program Files (x86)\Microsoft Visual Studio 10.0\VC\bin\CL.exe /c /ZI /nologo /W3 /WX- /Od /Oy- /D WIN32 /D _DEBUG /D _CONSOLE /D _UNICODE /D UNICODE /Gm /EHsc /RTC1 /MDd /GS /fp:precise /Zc:wchar_t /Zc:forScope /Fo"Debug\\" /Fd"Debug\vc100.pdb" /Gd /TP /analyze- /errorReport:prompt "main List.cpp"
         main List.cpp
       ManifestResourceCompile:
         Для всех выходных данных обновления не требуется.
       Link:
         C:\Program Files (x86)\Microsoft Visual Studio 10.0\VC\bin\link.exe /ERRORREPORT:PROMPT /OUT:"c:\documents\visual studio 2010\Projects\full class List\Debug\full class List.exe" /INCREMENTAL /NOLOGO kernel32.lib user32.lib gdi32.lib winspool.lib comdlg32.lib advapi32.lib shell32.lib ole32.lib oleaut32.lib uuid.lib odbc32.lib odbccp32.lib /MANIFEST /ManifestFile:"Debug\full class List.exe.intermediate.manifest" /MANIFESTUAC:"level='asInvoker' uiAccess='false'" /DEBUG /PDB:"c:\documents\visual studio 2010\Projects\full class List\Debug\full class List.pdb" /SUBSYSTEM:CONSOLE /TLBID:1 /DYNAMICBASE /NXCOMPAT /IMPLIB:"c:\documents\visual studio 2010\Projects\full class List\Debug\full class List.lib" /MACHINE:X86 "Debug\full class List.exe.embed.manifest.res"
         Debug\List.obj
         "Debug\main List.obj"
       Manifest:
         C:\Program Files (x86)\Microsoft SDKs\Windows\v7.0A\bin\mt.exe /nologo /verbose /out:"Debug\full class List.exe.embed.manifest" /manifest "Debug\full class List.exe.intermediate.manifest"
         Для всех выходных данных обновления не требуется.
       LinkEmbedManifest:
         Для всех выходных данных обновления не требуется.
         full class List.vcxproj -> c:\documents\visual studio 2010\Projects\full class List\Debug\full class List.exe
       FinalizeBuildStatus:
         Файл "Debug\full class List.unsuccessfulbuild" удаляется.
         Обращение к "Debug\full class List.lastbuildstate".
     1>Построение проекта "c:\documents\visual studio 2010\Projects\full class List\full class List\full class List.vcxproj" завершено (целевые объекты build).

Построение успешно завершено.

Затраченное время: 00:00:13.61
