C:\DOCUMENTS\VISUAL STUDIO 2010\PROJECTS\ASSEMBLER\ASSEMBLER\DEBUG\ASSEMBLER.EXE.EMBED.MANIFEST
C:\DOCUMENTS\VISUAL STUDIO 2010\PROJECTS\ASSEMBLER\ASSEMBLER\DEBUG\ASSEMBLER.EXE.EMBED.MANIFEST.RES
C:\DOCUMENTS\VISUAL STUDIO 2010\PROJECTS\ASSEMBLER\ASSEMBLER\DEBUG\ASSEMBLER.EXE.INTERMEDIATE.MANIFEST
c:\documents\visual studio 2010\Projects\assembler\assembler\Debug\assembler.write.1.tlog
c:\documents\visual studio 2010\Projects\assembler\assembler\Debug\assembler_manifest.rc
c:\documents\visual studio 2010\Projects\assembler\assembler\Debug\cl.command.1.tlog
c:\documents\visual studio 2010\Projects\assembler\assembler\Debug\CL.read.1.tlog
c:\documents\visual studio 2010\Projects\assembler\assembler\Debug\CL.write.1.tlog
c:\documents\visual studio 2010\Projects\assembler\assembler\Debug\link.6832.read.1.tlog
c:\documents\visual studio 2010\Projects\assembler\assembler\Debug\link.6832.write.1.tlog
c:\documents\visual studio 2010\Projects\assembler\assembler\Debug\link.6832-cvtres.read.1.tlog
c:\documents\visual studio 2010\Projects\assembler\assembler\Debug\link.6832-cvtres.write.1.tlog
c:\documents\visual studio 2010\Projects\assembler\assembler\Debug\link.command.1.tlog
c:\documents\visual studio 2010\Projects\assembler\assembler\Debug\link.read.1.tlog
c:\documents\visual studio 2010\Projects\assembler\assembler\Debug\link.write.1.tlog
c:\documents\visual studio 2010\Projects\assembler\assembler\Debug\link-cvtres.read.1.tlog
c:\documents\visual studio 2010\Projects\assembler\assembler\Debug\link-cvtres.write.1.tlog
C:\DOCUMENTS\VISUAL STUDIO 2010\PROJECTS\ASSEMBLER\ASSEMBLER\DEBUG\MAXANDMINOF3.OBJ
c:\documents\visual studio 2010\Projects\assembler\assembler\Debug\mt.command.1.tlog
c:\documents\visual studio 2010\Projects\assembler\assembler\Debug\mt.read.1.tlog
c:\documents\visual studio 2010\Projects\assembler\assembler\Debug\mt.write.1.tlog
c:\documents\visual studio 2010\Projects\assembler\assembler\Debug\rc.command.1.tlog
c:\documents\visual studio 2010\Projects\assembler\assembler\Debug\rc.read.1.tlog
c:\documents\visual studio 2010\Projects\assembler\assembler\Debug\rc.write.1.tlog
c:\documents\visual studio 2010\Projects\assembler\assembler\Debug\vc100.idb
C:\DOCUMENTS\VISUAL STUDIO 2010\PROJECTS\ASSEMBLER\ASSEMBLER\DEBUG\VC100.PDB
C:\DOCUMENTS\VISUAL STUDIO 2010\PROJECTS\ASSEMBLER\DEBUG\ASSEMBLER.EXE
C:\DOCUMENTS\VISUAL STUDIO 2010\PROJECTS\ASSEMBLER\DEBUG\ASSEMBLER.ILK
C:\DOCUMENTS\VISUAL STUDIO 2010\PROJECTS\ASSEMBLER\DEBUG\ASSEMBLER.PDB
