C:\DOCUMENTS\VISUAL STUDIO 2010\PROJECTS\HAFFMANCODE\DEBUG\HAFFMANCODE.EXE
C:\DOCUMENTS\VISUAL STUDIO 2010\PROJECTS\HAFFMANCODE\DEBUG\HAFFMANCODE.ILK
C:\DOCUMENTS\VISUAL STUDIO 2010\PROJECTS\HAFFMANCODE\DEBUG\HAFFMANCODE.PDB
c:\documents\visual studio 2010\Projects\HaffmanCode\HaffmanCode\Debug\cl.command.1.tlog
c:\documents\visual studio 2010\Projects\HaffmanCode\HaffmanCode\Debug\CL.read.1.tlog
c:\documents\visual studio 2010\Projects\HaffmanCode\HaffmanCode\Debug\CL.write.1.tlog
C:\DOCUMENTS\VISUAL STUDIO 2010\PROJECTS\HAFFMANCODE\HAFFMANCODE\DEBUG\HAFFMANCODE.EXE.EMBED.MANIFEST
C:\DOCUMENTS\VISUAL STUDIO 2010\PROJECTS\HAFFMANCODE\HAFFMANCODE\DEBUG\HAFFMANCODE.EXE.EMBED.MANIFEST.RES
C:\DOCUMENTS\VISUAL STUDIO 2010\PROJECTS\HAFFMANCODE\HAFFMANCODE\DEBUG\HAFFMANCODE.EXE.INTERMEDIATE.MANIFEST
c:\documents\visual studio 2010\Projects\HaffmanCode\HaffmanCode\Debug\HaffmanCode.write.1.tlog
c:\documents\visual studio 2010\Projects\HaffmanCode\HaffmanCode\Debug\HaffmanCode_manifest.rc
c:\documents\visual studio 2010\Projects\HaffmanCode\HaffmanCode\Debug\link.9752.read.1.tlog
c:\documents\visual studio 2010\Projects\HaffmanCode\HaffmanCode\Debug\link.9752.write.1.tlog
c:\documents\visual studio 2010\Projects\HaffmanCode\HaffmanCode\Debug\link.9752-cvtres.read.1.tlog
c:\documents\visual studio 2010\Projects\HaffmanCode\HaffmanCode\Debug\link.9752-cvtres.write.1.tlog
c:\documents\visual studio 2010\Projects\HaffmanCode\HaffmanCode\Debug\link.command.1.tlog
c:\documents\visual studio 2010\Projects\HaffmanCode\HaffmanCode\Debug\link.read.1.tlog
c:\documents\visual studio 2010\Projects\HaffmanCode\HaffmanCode\Debug\link.write.1.tlog
c:\documents\visual studio 2010\Projects\HaffmanCode\HaffmanCode\Debug\link-cvtres.read.1.tlog
c:\documents\visual studio 2010\Projects\HaffmanCode\HaffmanCode\Debug\link-cvtres.write.1.tlog
C:\DOCUMENTS\VISUAL STUDIO 2010\PROJECTS\HAFFMANCODE\HAFFMANCODE\DEBUG\MAIN.OBJ
c:\documents\visual studio 2010\Projects\HaffmanCode\HaffmanCode\Debug\mt.command.1.tlog
c:\documents\visual studio 2010\Projects\HaffmanCode\HaffmanCode\Debug\mt.read.1.tlog
c:\documents\visual studio 2010\Projects\HaffmanCode\HaffmanCode\Debug\mt.write.1.tlog
c:\documents\visual studio 2010\Projects\HaffmanCode\HaffmanCode\Debug\rc.command.1.tlog
c:\documents\visual studio 2010\Projects\HaffmanCode\HaffmanCode\Debug\rc.read.1.tlog
c:\documents\visual studio 2010\Projects\HaffmanCode\HaffmanCode\Debug\rc.write.1.tlog
c:\documents\visual studio 2010\Projects\HaffmanCode\HaffmanCode\Debug\vc100.idb
C:\DOCUMENTS\VISUAL STUDIO 2010\PROJECTS\HAFFMANCODE\HAFFMANCODE\DEBUG\VC100.PDB
