Построение начато 22.06.2017 17:17:38.
     1>Проект "c:\documents\visual studio 2010\Projects\HaffmanCode\HaffmanCode\HaffmanCode.vcxproj" в узле 2 (целевые объекты build).
     1>InitializeBuildStatus:
         Обращение к "Debug\HaffmanCode.unsuccessfulbuild".
       ClCompile:
         C:\Program Files (x86)\Microsoft Visual Studio 10.0\VC\bin\CL.exe /c /ZI /nologo /W3 /WX- /Od /Oy- /D WIN32 /D _DEBUG /D _CONSOLE /D _UNICODE /D UNICODE /Gm /EHsc /RTC1 /MDd /GS /fp:precise /Zc:wchar_t /Zc:forScope /Fo"Debug\\" /Fd"Debug\vc100.pdb" /Gd /TP /analyze- /errorReport:prompt main.cpp
         main.cpp
       ManifestResourceCompile:
         C:\Program Files (x86)\Microsoft SDKs\Windows\v7.0A\bin\rc.exe /nologo /fo"Debug\HaffmanCode.exe.embed.manifest.res" Debug\HaffmanCode_manifest.rc 
       Link:
         C:\Program Files (x86)\Microsoft Visual Studio 10.0\VC\bin\link.exe /ERRORREPORT:PROMPT /OUT:"c:\documents\visual studio 2010\Projects\HaffmanCode\Debug\HaffmanCode.exe" /INCREMENTAL /NOLOGO kernel32.lib user32.lib gdi32.lib winspool.lib comdlg32.lib advapi32.lib shell32.lib ole32.lib oleaut32.lib uuid.lib odbc32.lib odbccp32.lib /MANIFEST /ManifestFile:"Debug\HaffmanCode.exe.intermediate.manifest" /MANIFESTUAC:"level='asInvoker' uiAccess='false'" /DEBUG /PDB:"c:\documents\visual studio 2010\Projects\HaffmanCode\Debug\HaffmanCode.pdb" /SUBSYSTEM:CONSOLE /TLBID:1 /DYNAMICBASE /NXCOMPAT /IMPLIB:"c:\documents\visual studio 2010\Projects\HaffmanCode\Debug\HaffmanCode.lib" /MACHINE:X86 Debug\HaffmanCode.exe.embed.manifest.res
         Debug\main.obj
       Manifest:
         C:\Program Files (x86)\Microsoft SDKs\Windows\v7.0A\bin\mt.exe /nologo /verbose /out:"Debug\HaffmanCode.exe.embed.manifest" /manifest Debug\HaffmanCode.exe.intermediate.manifest
         C:\Program Files (x86)\Microsoft SDKs\Windows\v7.0A\bin\rc.exe /nologo /fo"Debug\HaffmanCode.exe.embed.manifest.res" Debug\HaffmanCode_manifest.rc 
       LinkEmbedManifest:
         C:\Program Files (x86)\Microsoft Visual Studio 10.0\VC\bin\link.exe /ERRORREPORT:PROMPT /OUT:"c:\documents\visual studio 2010\Projects\HaffmanCode\Debug\HaffmanCode.exe" /INCREMENTAL /NOLOGO kernel32.lib user32.lib gdi32.lib winspool.lib comdlg32.lib advapi32.lib shell32.lib ole32.lib oleaut32.lib uuid.lib odbc32.lib odbccp32.lib /MANIFEST /ManifestFile:"Debug\HaffmanCode.exe.intermediate.manifest" /MANIFESTUAC:"level='asInvoker' uiAccess='false'" /DEBUG /PDB:"c:\documents\visual studio 2010\Projects\HaffmanCode\Debug\HaffmanCode.pdb" /SUBSYSTEM:CONSOLE /TLBID:1 /DYNAMICBASE /NXCOMPAT /IMPLIB:"c:\documents\visual studio 2010\Projects\HaffmanCode\Debug\HaffmanCode.lib" /MACHINE:X86 Debug\HaffmanCode.exe.embed.manifest.res
         Debug\main.obj
         HaffmanCode.vcxproj -> c:\documents\visual studio 2010\Projects\HaffmanCode\Debug\HaffmanCode.exe
       FinalizeBuildStatus:
         Файл "Debug\HaffmanCode.unsuccessfulbuild" удаляется.
         Обращение к "Debug\HaffmanCode.lastbuildstate".
     1>Построение проекта "c:\documents\visual studio 2010\Projects\HaffmanCode\HaffmanCode\HaffmanCode.vcxproj" завершено (целевые объекты build).

Построение успешно завершено.

Затраченное время: 00:00:11.12
