C:\DOCUMENTS\VISUAL STUDIO 2010\PROJECTS\STACK_POLIZ\DEBUG\STACK_POLIZ.EXE
C:\DOCUMENTS\VISUAL STUDIO 2010\PROJECTS\STACK_POLIZ\DEBUG\STACK_POLIZ.ILK
C:\DOCUMENTS\VISUAL STUDIO 2010\PROJECTS\STACK_POLIZ\DEBUG\STACK_POLIZ.PDB
c:\documents\visual studio 2010\Projects\Stack_POLIZ\Stack_POLIZ\Debug\cl.command.1.tlog
c:\documents\visual studio 2010\Projects\Stack_POLIZ\Stack_POLIZ\Debug\CL.read.1.tlog
c:\documents\visual studio 2010\Projects\Stack_POLIZ\Stack_POLIZ\Debug\CL.write.1.tlog
c:\documents\visual studio 2010\Projects\Stack_POLIZ\Stack_POLIZ\Debug\link.1368.read.1.tlog
c:\documents\visual studio 2010\Projects\Stack_POLIZ\Stack_POLIZ\Debug\link.1368.write.1.tlog
c:\documents\visual studio 2010\Projects\Stack_POLIZ\Stack_POLIZ\Debug\link.1368-cvtres.read.1.tlog
c:\documents\visual studio 2010\Projects\Stack_POLIZ\Stack_POLIZ\Debug\link.1368-cvtres.write.1.tlog
c:\documents\visual studio 2010\Projects\Stack_POLIZ\Stack_POLIZ\Debug\link.command.1.tlog
c:\documents\visual studio 2010\Projects\Stack_POLIZ\Stack_POLIZ\Debug\link.read.1.tlog
c:\documents\visual studio 2010\Projects\Stack_POLIZ\Stack_POLIZ\Debug\link.write.1.tlog
c:\documents\visual studio 2010\Projects\Stack_POLIZ\Stack_POLIZ\Debug\link-cvtres.read.1.tlog
c:\documents\visual studio 2010\Projects\Stack_POLIZ\Stack_POLIZ\Debug\link-cvtres.write.1.tlog
c:\documents\visual studio 2010\Projects\Stack_POLIZ\Stack_POLIZ\Debug\mt.command.1.tlog
c:\documents\visual studio 2010\Projects\Stack_POLIZ\Stack_POLIZ\Debug\mt.read.1.tlog
c:\documents\visual studio 2010\Projects\Stack_POLIZ\Stack_POLIZ\Debug\mt.write.1.tlog
C:\DOCUMENTS\VISUAL STUDIO 2010\PROJECTS\STACK_POLIZ\STACK_POLIZ\DEBUG\POLIZ.OBJ
c:\documents\visual studio 2010\Projects\Stack_POLIZ\Stack_POLIZ\Debug\rc.command.1.tlog
c:\documents\visual studio 2010\Projects\Stack_POLIZ\Stack_POLIZ\Debug\rc.read.1.tlog
c:\documents\visual studio 2010\Projects\Stack_POLIZ\Stack_POLIZ\Debug\rc.write.1.tlog
C:\DOCUMENTS\VISUAL STUDIO 2010\PROJECTS\STACK_POLIZ\STACK_POLIZ\DEBUG\STACK_POLIZ.EXE.EMBED.MANIFEST
C:\DOCUMENTS\VISUAL STUDIO 2010\PROJECTS\STACK_POLIZ\STACK_POLIZ\DEBUG\STACK_POLIZ.EXE.EMBED.MANIFEST.RES
C:\DOCUMENTS\VISUAL STUDIO 2010\PROJECTS\STACK_POLIZ\STACK_POLIZ\DEBUG\STACK_POLIZ.EXE.INTERMEDIATE.MANIFEST
c:\documents\visual studio 2010\Projects\Stack_POLIZ\Stack_POLIZ\Debug\Stack_POLIZ.write.1.tlog
c:\documents\visual studio 2010\Projects\Stack_POLIZ\Stack_POLIZ\Debug\Stack_POLIZ_manifest.rc
c:\documents\visual studio 2010\Projects\Stack_POLIZ\Stack_POLIZ\Debug\vc100.idb
C:\DOCUMENTS\VISUAL STUDIO 2010\PROJECTS\STACK_POLIZ\STACK_POLIZ\DEBUG\VC100.PDB
