Построение начато 01.11.2015 18:58:48.
     1>Проект "c:\documents\visual studio 2010\Projects\Stack_POLIZ\Stack_POLIZ\Stack_POLIZ.vcxproj" в узле 2 (целевые объекты rebuild).
     1>_PrepareForClean:
         Файл "Debug\Stack_POLIZ.lastbuildstate" удаляется.
       InitializeBuildStatus:
         Создание "Debug\Stack_POLIZ.unsuccessfulbuild", так как было задано "AlwaysCreate".
       ClCompile:
         C:\Program Files (x86)\Microsoft Visual Studio 10.0\VC\bin\CL.exe /c /ZI /nologo /W3 /WX- /Od /Oy- /D WIN32 /D _DEBUG /D _CONSOLE /D _UNICODE /D UNICODE /Gm /EHsc /RTC1 /MDd /GS /fp:precise /Zc:wchar_t /Zc:forScope /Fo"Debug\\" /Fd"Debug\vc100.pdb" /Gd /TP /analyze- /errorReport:prompt POLIZ.cpp
         POLIZ.cpp
     1>c:\documents\visual studio 2010\projects\stack_poliz\stack_poliz\poliz.cpp(34): warning C4996: 'getch': The POSIX name for this item is deprecated. Instead, use the ISO C++ conformant name: _getch. See online help for details.
                 c:\program files (x86)\microsoft visual studio 10.0\vc\include\conio.h(128): см. объявление "getch"
     1>c:\documents\visual studio 2010\projects\stack_poliz\stack_poliz\poliz.cpp(36): warning C4996: 'gets': This function or variable may be unsafe. Consider using gets_s instead. To disable deprecation, use _CRT_SECURE_NO_WARNINGS. See online help for details.
                 c:\program files (x86)\microsoft visual studio 10.0\vc\include\stdio.h(277): см. объявление "gets"
     1>c:\documents\visual studio 2010\projects\stack_poliz\stack_poliz\poliz.cpp(38): warning C4018: <: несоответствие типов со знаком и без знака
     1>c:\documents\visual studio 2010\projects\stack_poliz\stack_poliz\poliz.cpp(109): warning C4996: 'getch': The POSIX name for this item is deprecated. Instead, use the ISO C++ conformant name: _getch. See online help for details.
                 c:\program files (x86)\microsoft visual studio 10.0\vc\include\conio.h(128): см. объявление "getch"
     1>c:\documents\visual studio 2010\projects\stack_poliz\stack_poliz\poliz.cpp(81): warning C4101: NEW_POLIZ: неиспользованная локальная переменная
     1>c:\documents\visual studio 2010\projects\stack_poliz\stack_poliz\poliz.cpp(16): warning C4715: Prior: значение возвращается не при всех путях выполнения
       ManifestResourceCompile:
         C:\Program Files (x86)\Microsoft SDKs\Windows\v7.0A\bin\rc.exe /nologo /fo"Debug\Stack_POLIZ.exe.embed.manifest.res" Debug\Stack_POLIZ_manifest.rc 
       Link:
         C:\Program Files (x86)\Microsoft Visual Studio 10.0\VC\bin\link.exe /ERRORREPORT:PROMPT /OUT:"c:\documents\visual studio 2010\Projects\Stack_POLIZ\Debug\Stack_POLIZ.exe" /INCREMENTAL /NOLOGO kernel32.lib user32.lib gdi32.lib winspool.lib comdlg32.lib advapi32.lib shell32.lib ole32.lib oleaut32.lib uuid.lib odbc32.lib odbccp32.lib /MANIFEST /ManifestFile:"Debug\Stack_POLIZ.exe.intermediate.manifest" /MANIFESTUAC:"level='asInvoker' uiAccess='false'" /DEBUG /PDB:"c:\documents\visual studio 2010\Projects\Stack_POLIZ\Debug\Stack_POLIZ.pdb" /SUBSYSTEM:CONSOLE /TLBID:1 /DYNAMICBASE /NXCOMPAT /IMPLIB:"c:\documents\visual studio 2010\Projects\Stack_POLIZ\Debug\Stack_POLIZ.lib" /MACHINE:X86 Debug\Stack_POLIZ.exe.embed.manifest.res
         Debug\POLIZ.obj
       Manifest:
         Файл "Debug\Stack_POLIZ.exe.embed.manifest" удаляется.
         C:\Program Files (x86)\Microsoft SDKs\Windows\v7.0A\bin\mt.exe /nologo /verbose /out:"Debug\Stack_POLIZ.exe.embed.manifest" /manifest Debug\Stack_POLIZ.exe.intermediate.manifest
         C:\Program Files (x86)\Microsoft SDKs\Windows\v7.0A\bin\rc.exe /nologo /fo"Debug\Stack_POLIZ.exe.embed.manifest.res" Debug\Stack_POLIZ_manifest.rc 
       LinkEmbedManifest:
         C:\Program Files (x86)\Microsoft Visual Studio 10.0\VC\bin\link.exe /ERRORREPORT:PROMPT /OUT:"c:\documents\visual studio 2010\Projects\Stack_POLIZ\Debug\Stack_POLIZ.exe" /INCREMENTAL /NOLOGO kernel32.lib user32.lib gdi32.lib winspool.lib comdlg32.lib advapi32.lib shell32.lib ole32.lib oleaut32.lib uuid.lib odbc32.lib odbccp32.lib /MANIFEST /ManifestFile:"Debug\Stack_POLIZ.exe.intermediate.manifest" /MANIFESTUAC:"level='asInvoker' uiAccess='false'" /DEBUG /PDB:"c:\documents\visual studio 2010\Projects\Stack_POLIZ\Debug\Stack_POLIZ.pdb" /SUBSYSTEM:CONSOLE /TLBID:1 /DYNAMICBASE /NXCOMPAT /IMPLIB:"c:\documents\visual studio 2010\Projects\Stack_POLIZ\Debug\Stack_POLIZ.lib" /MACHINE:X86 Debug\Stack_POLIZ.exe.embed.manifest.res
         Debug\POLIZ.obj
         Stack_POLIZ.vcxproj -> c:\documents\visual studio 2010\Projects\Stack_POLIZ\Debug\Stack_POLIZ.exe
       FinalizeBuildStatus:
         Файл "Debug\Stack_POLIZ.unsuccessfulbuild" удаляется.
         Обращение к "Debug\Stack_POLIZ.lastbuildstate".
     1>Построение проекта "c:\documents\visual studio 2010\Projects\Stack_POLIZ\Stack_POLIZ\Stack_POLIZ.vcxproj" завершено (целевые объекты rebuild).

Построение успешно завершено.

Затраченное время: 00:00:01.59
